\BOOKMARK [0][-]{chapter.1}{Introduction}{}% 1
\BOOKMARK [1][-]{section.1.1}{Foreword}{chapter.1}% 2
\BOOKMARK [1][-]{section.1.2}{Overview}{chapter.1}% 3
\BOOKMARK [1][-]{section.1.3}{The setting}{chapter.1}% 4
\BOOKMARK [-1][-]{part.1}{I The World}{}% 5
\BOOKMARK [0][-]{chapter.2}{Terra-Prime}{part.1}% 6
\BOOKMARK [0][-]{chapter.3}{History}{part.1}% 7
\BOOKMARK [0][-]{chapter.4}{The Home-front Initiative}{part.1}% 8
\BOOKMARK [1][-]{section.4.1}{The Inventor}{chapter.4}% 9
\BOOKMARK [1][-]{section.4.2}{Doctor Insight}{chapter.4}% 10
\BOOKMARK [1][-]{section.4.3}{Captain Courage}{chapter.4}% 11
\BOOKMARK [1][-]{section.4.4}{New Home-front}{chapter.4}% 12
\BOOKMARK [2][-]{subsection.4.4.1}{Blink}{section.4.4}% 13
\BOOKMARK [1][-]{section.4.5}{G.A.T.E.}{chapter.4}% 14
\BOOKMARK [2][-]{subsection.4.5.1}{Professor Enmity}{section.4.5}% 15
\BOOKMARK [1][-]{section.4.6}{The Black Regime}{chapter.4}% 16
\BOOKMARK [2][-]{subsection.4.6.1}{Alfather Brutalicus}{section.4.6}% 17
\BOOKMARK [1][-]{section.4.7}{The Hive}{chapter.4}% 18
\BOOKMARK [2][-]{subsection.4.7.1}{Queen Wasp}{section.4.7}% 19
\BOOKMARK [2][-]{subsection.4.7.2}{Drones}{section.4.7}% 20
\BOOKMARK [1][-]{section.4.8}{Basilisk}{chapter.4}% 21
\BOOKMARK [2][-]{subsection.4.8.1}{Mistress Medusa}{section.4.8}% 22
\BOOKMARK [1][-]{section.4.9}{The Starlight Academy}{chapter.4}% 23
\BOOKMARK [2][-]{subsection.4.9.1}{Headmaster Adam Black}{section.4.9}% 24
\BOOKMARK [0][-]{chapter.5}{Player Section}{part.1}% 25
\BOOKMARK [1][-]{section.5.1}{Origins}{chapter.5}% 26
\BOOKMARK [0][-]{chapter.6}{Mastermind Section}{part.1}% 27
\BOOKMARK [0][-]{chapter.7}{NPC Gallery}{part.1}% 28
